Using pre-set license
Built from '2021.3/staging' branch; Version is '2021.3.18f1 (3129e69bc0c7) revision 3221990'; Using compiler version '192829333'; Build Type 'Release'
OS: 'Windows 11  (10.0.22000) 64bit Enterprise' Language: 'ru' Physical Memory: 16297 MB
BatchMode: 1, IsHumanControllingUs: 0, StartBugReporterOnCrash: 0, Is64bit: 1, IsPro: 1

COMMAND LINE ARGUMENTS:
C:\Program Files\Unity\Hub\Editor\2021.3.18f1\Editor\Unity.exe
-adb2
-batchMode
-noUpm
-name
AssetImportWorker6
-projectPath
C:/Users/freim/source/repos/Unity/Fallout-Square/Fallout_Square
-logFile
Logs/AssetImportWorker6.log
-srvPort
55083
Successfully changed project path to: C:/Users/freim/source/repos/Unity/Fallout-Square/Fallout_Square
C:/Users/freim/source/repos/Unity/Fallout-Square/Fallout_Square
[UnityMemory] Configuration Parameters - Can be set up in boot.config
    "memorysetup-bucket-allocator-granularity=16"
    "memorysetup-bucket-allocator-bucket-count=8"
    "memorysetup-bucket-allocator-block-size=33554432"
    "memorysetup-bucket-allocator-block-count=8"
    "memorysetup-main-allocator-block-size=16777216"
    "memorysetup-thread-allocator-block-size=16777216"
    "memorysetup-gfx-main-allocator-block-size=16777216"
    "memorysetup-gfx-thread-allocator-block-size=16777216"
    "memorysetup-cache-allocator-block-size=4194304"
    "memorysetup-typetree-allocator-block-size=2097152"
    "memorysetup-profiler-bucket-allocator-granularity=16"
    "memorysetup-profiler-bucket-allocator-bucket-count=8"
    "memorysetup-profiler-bucket-allocator-block-size=33554432"
    "memorysetup-profiler-bucket-allocator-block-count=8"
    "memorysetup-profiler-allocator-block-size=16777216"
    "memorysetup-profiler-editor-allocator-block-size=1048576"
    "memorysetup-temp-allocator-size-main=16777216"
    "memorysetup-job-temp-allocator-block-size=2097152"
    "memorysetup-job-temp-allocator-block-size-background=1048576"
    "memorysetup-job-temp-allocator-reduction-small-platforms=262144"
    "memorysetup-temp-allocator-size-background-worker=32768"
    "memorysetup-temp-allocator-size-job-worker=262144"
    "memorysetup-temp-allocator-size-preload-manager=33554432"
    "memorysetup-temp-allocator-size-nav-mesh-worker=65536"
    "memorysetup-temp-allocator-size-audio-worker=65536"
    "memorysetup-temp-allocator-size-cloud-worker=32768"
    "memorysetup-temp-allocator-size-gi-baking-worker=262144"
    "memorysetup-temp-allocator-size-gfx=262144"
Player connection [29248] Host "[IP] 192.168.100.7 [Port] 0 [Flags] 2 [Guid] 3487612482 [EditorId] 3487612482 [Version] 1048832 [Id] WindowsEditor(7,DESKTOP-TDBJ1UU) [Debug] 1 [PackageName] WindowsEditor [ProjectName] Editor" joined multi-casting on [225.0.0.222:54997]...

Player connection [29248] Host "[IP] 192.168.100.7 [Port] 0 [Flags] 2 [Guid] 3487612482 [EditorId] 3487612482 [Version] 1048832 [Id] WindowsEditor(7,DESKTOP-TDBJ1UU) [Debug] 1 [PackageName] WindowsEditor [ProjectName] Editor" joined alternative multi-casting on [225.0.0.222:34997]...

Refreshing native plugins compatible for Editor in 111.88 ms, found 3 plugins.
Preloading 0 native plugins for Editor in 0.00 ms.
Initialize engine version: 2021.3.18f1 (3129e69bc0c7)
[Subsystems] Discovering subsystems at path C:/Program Files/Unity/Hub/Editor/2021.3.18f1/Editor/Data/Resources/UnitySubsystems
[Subsystems] Discovering subsystems at path C:/Users/freim/source/repos/Unity/Fallout-Square/Fallout_Square/Assets
GfxDevice: creating device client; threaded=0; jobified=0
Direct3D:
    Version:  Direct3D 11.0 [level 11.1]
    Renderer: NVIDIA GeForce GTX 1650 (ID=0x1f0a)
    Vendor:   NVIDIA
    VRAM:     3948 MB
    Driver:   31.0.15.2756
Initialize mono
Mono path[0] = 'C:/Program Files/Unity/Hub/Editor/2021.3.18f1/Editor/Data/Managed'
Mono path[1] = 'C:/Program Files/Unity/Hub/Editor/2021.3.18f1/Editor/Data/MonoBleedingEdge/lib/mono/unityjit-win32'
Mono config path = 'C:/Program Files/Unity/Hub/Editor/2021.3.18f1/Editor/Data/MonoBleedingEdge/etc'
Using monoOptions --debugger-agent=transport=dt_socket,embedding=1,server=y,suspend=n,address=127.0.0.1:56712
Begin MonoManager ReloadAssembly
Registering precompiled unity dll's ...
Register platform support module: C:/Program Files/Unity/Hub/Editor/2021.3.18f1/Editor/Data/PlaybackEngines/AndroidPlayer/UnityEditor.Android.Extensions.dll
Register platform support module: C:/Program Files/Unity/Hub/Editor/2021.3.18f1/Editor/Data/PlaybackEngines/WindowsStandaloneSupport/UnityEditor.WindowsStandalone.Extensions.dll
Registered in 0.006954 seconds.
Native extension for WindowsStandalone target not found
Native extension for Android target not found
Android Extension - Scanning For ADB Devices 295 ms
Refreshing native plugins compatible for Editor in 98.29 ms, found 3 plugins.
Preloading 0 native plugins for Editor in 0.00 ms.
Mono: successfully reloaded assembly
- Completed reload, in  1.046 seconds
Domain Reload Profiling:
	ReloadAssembly (1046ms)
		BeginReloadAssembly (84ms)
			ExecutionOrderSort (0ms)
			DisableScriptedObjects (0ms)
			BackupInstance (0ms)
			ReleaseScriptingObjects (0ms)
			CreateAndSetChildDomain (1ms)
		EndReloadAssembly (836ms)
			LoadAssemblies (81ms)
			RebuildTransferFunctionScriptingTraits (0ms)
			SetupTypeCache (117ms)
			ReleaseScriptCaches (0ms)
			RebuildScriptCaches (35ms)
			SetupLoadedEditorAssemblies (624ms)
				LogAssemblyErrors (0ms)
				InitializePlatformSupportModulesInManaged (368ms)
				SetLoadedEditorAssemblies (0ms)
				RefreshPlugins (98ms)
				BeforeProcessingInitializeOnLoad (2ms)
				ProcessInitializeOnLoadAttributes (106ms)
				ProcessInitializeOnLoadMethodAttributes (50ms)
				AfterProcessingInitializeOnLoad (0ms)
				EditorAssembliesLoaded (0ms)
			ExecutionOrderSort2 (0ms)
			AwakeInstancesAfterBackupRestoration (0ms)
Platform modules already initialized, skipping
Registering precompiled user dll's ...
Registered in 0.006465 seconds.
Begin MonoManager ReloadAssembly
Symbol file LoadedFromMemory doesn't match image C:\Users\freim\source\repos\Unity\Fallout-Square\Fallout_Square\Library\PackageCache\com.unity.visualscripting@1.8.0\Editor\VisualScripting.Core\Dependencies\YamlDotNet\Unity.VisualScripting.YamlDotNet.dll
Symbol file LoadedFromMemory doesn't match image C:\Users\freim\source\repos\Unity\Fallout-Square\Fallout_Square\Library\PackageCache\com.unity.visualscripting@1.8.0\Editor\VisualScripting.Core\Dependencies\DotNetZip\Unity.VisualScripting.IonicZip.dll
Native extension for WindowsStandalone target not found
Native extension for Android target not found
Refreshing native plugins compatible for Editor in 0.61 ms, found 3 plugins.
Preloading 0 native plugins for Editor in 0.00 ms.
Mono: successfully reloaded assembly
- Completed reload, in  1.190 seconds
Domain Reload Profiling:
	ReloadAssembly (1191ms)
		BeginReloadAssembly (128ms)
			ExecutionOrderSort (0ms)
			DisableScriptedObjects (7ms)
			BackupInstance (0ms)
			ReleaseScriptingObjects (0ms)
			CreateAndSetChildDomain (22ms)
		EndReloadAssembly (921ms)
			LoadAssemblies (98ms)
			RebuildTransferFunctionScriptingTraits (0ms)
			SetupTypeCache (296ms)
			ReleaseScriptCaches (1ms)
			RebuildScriptCaches (66ms)
			SetupLoadedEditorAssemblies (415ms)
				LogAssemblyErrors (0ms)
				InitializePlatformSupportModulesInManaged (21ms)
				SetLoadedEditorAssemblies (0ms)
				RefreshPlugins (1ms)
				BeforeProcessingInitializeOnLoad (104ms)
				ProcessInitializeOnLoadAttributes (256ms)
				ProcessInitializeOnLoadMethodAttributes (24ms)
				AfterProcessingInitializeOnLoad (9ms)
				EditorAssembliesLoaded (0ms)
			ExecutionOrderSort2 (0ms)
			AwakeInstancesAfterBackupRestoration (6ms)
Platform modules already initialized, skipping
========================================================================
Worker process is ready to serve import requests
Launched and connected shader compiler UnityShaderCompiler.exe after 0.05 seconds
Refreshing native plugins compatible for Editor in 0.69 ms, found 3 plugins.
Preloading 0 native plugins for Editor in 0.00 ms.
Unloading 3056 Unused Serialized files (Serialized files now loaded: 0)
Unloading 24 unused Assets / (114.2 KB). Loaded Objects now: 3543.
Memory consumption went from 124.2 MB to 124.1 MB.
Total: 3.328100 ms (FindLiveObjects: 0.328700 ms CreateObjectMapping: 0.081600 ms MarkObjects: 2.786300 ms  DeleteObjects: 0.130300 ms)

AssetImportParameters requested are different than current active one (requested -> active):
  custom:video-decoder-ogg-theora: a1e56fd34408186e4bbccfd4996cb3dc -> 
  custom:container-muxer-webm: aa71ff27fc2769a1b78a27578f13a17b -> 
  custom:container-demuxer-webm: 4f35f7cbe854078d1ac9338744f61a02 -> 
  custom:video-encoder-webm-vp8: eb34c28f22e8b96e1ab97ce403110664 -> 
  custom:audio-encoder-webm-vorbis: bf7c407c2cedff20999df2af8eb42d56 -> 
  custom:framework-win-MediaFoundation: 216162199b28c13a410421893ffa2e32 -> 
  custom:container-demuxer-ogg: 62fdf1f143b41e24485cea50d1cbac27 -> 
  custom:video-decoder-webm-vp8: 9c59270c3fd7afecdb556c50c9e8de78 -> 
  custom:audio-decoder-ogg-vorbis: bf7c407c2cedff20999df2af8eb42d56 -> 
========================================================================
Received Import Request.
  Time since last request: 368751.625787 seconds.
  path: Assets/Imported/DBK/Models/Concrete/Props/DBK_Concrete_Prop_Mid_E.FBX
  artifactKey: Guid(0662a71e973222c4385b5f1b6cc885cf) Importer(815301076,1909f56bfc062723c751e8b465ee728b)
Start importing Assets/Imported/DBK/Models/Concrete/Props/DBK_Concrete_Prop_Mid_E.FBX using Guid(0662a71e973222c4385b5f1b6cc885cf) Importer(815301076,1909f56bfc062723c751e8b465ee728b)  -> (artifact id: '322053c816edc5ce39191e804e9d419b') in 0.339938 seconds 
========================================================================
Received Import Request.
  Time since last request: 223.933081 seconds.
  path: Assets/Imported/Low Poly Post-Apocalyptic Buildings/Prefabs/Buildings Exterior/Building_2_Exterior.prefab
  artifactKey: Guid(ae88d2b00cbf4444b9851d6b1170352e) Importer(815301076,1909f56bfc062723c751e8b465ee728b)
Start importing Assets/Imported/Low Poly Post-Apocalyptic Buildings/Prefabs/Buildings Exterior/Building_2_Exterior.prefab using Guid(ae88d2b00cbf4444b9851d6b1170352e) Importer(815301076,1909f56bfc062723c751e8b465ee728b)  -> (artifact id: '59efc61592919e8a6d54eeb9174aaaa9') in 0.027810 seconds 
========================================================================
Received Import Request.
  Time since last request: 330.561303 seconds.
  path: Assets/Imported/Destroyed_city_FREE/Trees/Materials/TreeLeaf_2.mat
  artifactKey: Guid(b2fc062b61babb14ba162c3adbc527f3) Importer(815301076,1909f56bfc062723c751e8b465ee728b)
Start importing Assets/Imported/Destroyed_city_FREE/Trees/Materials/TreeLeaf_2.mat using Guid(b2fc062b61babb14ba162c3adbc527f3) Importer(815301076,1909f56bfc062723c751e8b465ee728b)  -> (artifact id: '59ca2c5d25d0b627f896b33503a3feac') in 0.255261 seconds 
========================================================================
Received Import Request.
  Time since last request: 0.000027 seconds.
  path: Assets/Imported/Destroyed_city_FREE/Standard Assets/Skyboxes/Sunny3 Skybox.mat
  artifactKey: Guid(53412155bc1016547b1a77b2333c0380) Importer(815301076,1909f56bfc062723c751e8b465ee728b)
Start importing Assets/Imported/Destroyed_city_FREE/Standard Assets/Skyboxes/Sunny3 Skybox.mat using Guid(53412155bc1016547b1a77b2333c0380) Importer(815301076,1909f56bfc062723c751e8b465ee728b)  -> (artifact id: 'a7ca40c7e7e084297dc99cdc059bb98b') in 0.025892 seconds 
========================================================================
Received Import Request.
  Time since last request: 0.000044 seconds.
  path: Assets/Imported/Destroyed_city_FREE/Trees/Materials/TreeBark_3.mat
  artifactKey: Guid(52b41f045d3d98344bff10ccf483ea8d) Importer(815301076,1909f56bfc062723c751e8b465ee728b)
Start importing Assets/Imported/Destroyed_city_FREE/Trees/Materials/TreeBark_3.mat using Guid(52b41f045d3d98344bff10ccf483ea8d) Importer(815301076,1909f56bfc062723c751e8b465ee728b)  -> (artifact id: 'af1230b96a2bdafcc76fff994b5bbdd1') in 0.248790 seconds 
========================================================================
Received Import Request.
  Time since last request: 1.118311 seconds.
  path: Assets/Imported/Post-Soviet/Materials/Roadblock.mat
  artifactKey: Guid(017efcc68ca58d44aab746d5575774d9) Importer(815301076,1909f56bfc062723c751e8b465ee728b)
Start importing Assets/Imported/Post-Soviet/Materials/Roadblock.mat using Guid(017efcc68ca58d44aab746d5575774d9) Importer(815301076,1909f56bfc062723c751e8b465ee728b)  -> (artifact id: '4b6921ccbc9ac59803131039351f2b39') in 0.042727 seconds 
========================================================================
Received Import Request.
  Time since last request: 2.000621 seconds.
  path: Assets/Imported/Post-Soviet/Materials/plane_texture.mat
  artifactKey: Guid(8a71fa41ed1d21a4ba1a5fe9119417ff) Importer(815301076,1909f56bfc062723c751e8b465ee728b)
Start importing Assets/Imported/Post-Soviet/Materials/plane_texture.mat using Guid(8a71fa41ed1d21a4ba1a5fe9119417ff) Importer(815301076,1909f56bfc062723c751e8b465ee728b)  -> (artifact id: 'f5b945fed1efa5491189489d108c4071') in 0.023957 seconds 
========================================================================
Received Import Request.
  Time since last request: 0.291051 seconds.
  path: Assets/Imported/Destroyed_city_FREE/Trees/Prefabs/Bush_B.prefab
  artifactKey: Guid(91a5828b0d87cc048be91599336fea93) Importer(815301076,1909f56bfc062723c751e8b465ee728b)
Start importing Assets/Imported/Destroyed_city_FREE/Trees/Prefabs/Bush_B.prefab using Guid(91a5828b0d87cc048be91599336fea93) Importer(815301076,1909f56bfc062723c751e8b465ee728b)  -> (artifact id: '293ddc3108ca7c8aaa8d536eaa3a24de') in 0.040269 seconds 
========================================================================
Received Import Request.
  Time since last request: 0.420115 seconds.
  path: Assets/Imported/Destroyed_city_FREE/Trees/Prefabs/Tree_01.prefab
  artifactKey: Guid(6e6f4b2fae88c514c9fe54b33a00e51c) Importer(815301076,1909f56bfc062723c751e8b465ee728b)
Start importing Assets/Imported/Destroyed_city_FREE/Trees/Prefabs/Tree_01.prefab using Guid(6e6f4b2fae88c514c9fe54b33a00e51c) Importer(815301076,1909f56bfc062723c751e8b465ee728b)  -> (artifact id: '7c374b92e5b42a09ba34ae96bfdc7b29') in 0.045598 seconds 
========================================================================
Received Import Request.
  Time since last request: 19.734894 seconds.
  path: Assets/Imported/Low Poly Post-Apocalyptic Buildings/Materials/mat_Stairs.mat
  artifactKey: Guid(0d565fefaf2f6d5469d5cdc0223c59ef) Importer(815301076,1909f56bfc062723c751e8b465ee728b)
Start importing Assets/Imported/Low Poly Post-Apocalyptic Buildings/Materials/mat_Stairs.mat using Guid(0d565fefaf2f6d5469d5cdc0223c59ef) Importer(815301076,1909f56bfc062723c751e8b465ee728b)  -> (artifact id: '34d593a6973241e1009d8461360d5201') in 0.016279 seconds 
========================================================================
Received Import Request.
  Time since last request: 0.039235 seconds.
  path: Assets/Imported/Low Poly Post-Apocalyptic Buildings/Materials/mat_Buildings.mat
  artifactKey: Guid(6e13b6f577e56ed48a7b7975aac1e8d1) Importer(815301076,1909f56bfc062723c751e8b465ee728b)
Start importing Assets/Imported/Low Poly Post-Apocalyptic Buildings/Materials/mat_Buildings.mat using Guid(6e13b6f577e56ed48a7b7975aac1e8d1) Importer(815301076,1909f56bfc062723c751e8b465ee728b)  -> (artifact id: '349c93017ba70251a09a563c13a5494c') in 0.017126 seconds 
========================================================================
Received Import Request.
  Time since last request: 0.061475 seconds.
  path: Assets/Imported/Post-Soviet/Models/Materials/default.mat
  artifactKey: Guid(3b79204a13b723d4b897d948b20c196d) Importer(815301076,1909f56bfc062723c751e8b465ee728b)
Start importing Assets/Imported/Post-Soviet/Models/Materials/default.mat using Guid(3b79204a13b723d4b897d948b20c196d) Importer(815301076,1909f56bfc062723c751e8b465ee728b)  -> (artifact id: 'bd748ce10f77f168b5021e9a144e919b') in 0.018257 seconds 
========================================================================
Received Import Request.
  Time since last request: 158.020382 seconds.
  path: Assets/Imported/Asphalt_materials/Materials/Asphalt_material_2.mat
  artifactKey: Guid(52f19e361d2324fdc812648659c3d5b6) Importer(815301076,1909f56bfc062723c751e8b465ee728b)
Start importing Assets/Imported/Asphalt_materials/Materials/Asphalt_material_2.mat using Guid(52f19e361d2324fdc812648659c3d5b6) Importer(815301076,1909f56bfc062723c751e8b465ee728b)  -> (artifact id: '1ebdf70f86f1d2f7ba62abfcdc1b87a5') in 0.041069 seconds 
========================================================================
Received Import Request.
  Time since last request: 0.000024 seconds.
  path: Assets/Imported/Asphalt_materials/Materials/Asphalt_material_3.mat
  artifactKey: Guid(77859c11a5041451bba8e6fade01a8e6) Importer(815301076,1909f56bfc062723c751e8b465ee728b)
Start importing Assets/Imported/Asphalt_materials/Materials/Asphalt_material_3.mat using Guid(77859c11a5041451bba8e6fade01a8e6) Importer(815301076,1909f56bfc062723c751e8b465ee728b)  -> (artifact id: 'dab9495ec8354fe9f367f788481b8f6a') in 0.028474 seconds 
========================================================================
Received Import Request.
  Time since last request: 0.000053 seconds.
  path: Assets/Imported/Asphalt_materials/Materials/Asphalt_material_7.mat
  artifactKey: Guid(4b355fb689fe447d1ae10172c428b05c) Importer(815301076,1909f56bfc062723c751e8b465ee728b)
Start importing Assets/Imported/Asphalt_materials/Materials/Asphalt_material_7.mat using Guid(4b355fb689fe447d1ae10172c428b05c) Importer(815301076,1909f56bfc062723c751e8b465ee728b)  -> (artifact id: 'a2a1a38d2f9ebef4bb06f8491e312839') in 0.061076 seconds 
========================================================================
Received Import Request.
  Time since last request: 0.000020 seconds.
  path: Assets/Imported/Asphalt_materials/Materials/Asphalt_material_14.mat
  artifactKey: Guid(2e6c93c3456a248c391f70016879337f) Importer(815301076,1909f56bfc062723c751e8b465ee728b)
Start importing Assets/Imported/Asphalt_materials/Materials/Asphalt_material_14.mat using Guid(2e6c93c3456a248c391f70016879337f) Importer(815301076,1909f56bfc062723c751e8b465ee728b)  -> (artifact id: 'be2e627a182b281ef6812a4454dfdc2b') in 0.031278 seconds 
========================================================================
Received Import Request.
  Time since last request: 0.000027 seconds.
  path: Assets/Imported/Asphalt_materials/Materials/Asphalt_material_12.mat
  artifactKey: Guid(fb4ab74263784417d8011e1a5147f0ff) Importer(815301076,1909f56bfc062723c751e8b465ee728b)
Start importing Assets/Imported/Asphalt_materials/Materials/Asphalt_material_12.mat using Guid(fb4ab74263784417d8011e1a5147f0ff) Importer(815301076,1909f56bfc062723c751e8b465ee728b)  -> (artifact id: '54479d5b33d8a4bb00c7c31dcf9de157') in 0.024107 seconds 
========================================================================
Received Import Request.
  Time since last request: 0.000038 seconds.
  path: Assets/Imported/Asphalt_materials/Materials/Asphalt_material_6.mat
  artifactKey: Guid(2801c44cd0a9943f7bb56039d38c7f1d) Importer(815301076,1909f56bfc062723c751e8b465ee728b)
Start importing Assets/Imported/Asphalt_materials/Materials/Asphalt_material_6.mat using Guid(2801c44cd0a9943f7bb56039d38c7f1d) Importer(815301076,1909f56bfc062723c751e8b465ee728b)  -> (artifact id: '6e03281da11f923620d04ef7e03ea6e3') in 0.023029 seconds 
========================================================================
Received Import Request.
  Time since last request: 0.000024 seconds.
  path: Assets/Imported/Asphalt_materials/Materials/Asphalt_material_10.mat
  artifactKey: Guid(4c157cc8cdc264bcf9f241bcd0fdd202) Importer(815301076,1909f56bfc062723c751e8b465ee728b)
Start importing Assets/Imported/Asphalt_materials/Materials/Asphalt_material_10.mat using Guid(4c157cc8cdc264bcf9f241bcd0fdd202) Importer(815301076,1909f56bfc062723c751e8b465ee728b)  -> (artifact id: '9794acd7c1000093d370436efc68866f') in 0.031597 seconds 
Editor requested this worker to shutdown with reason: Scaling down because of idle timeout
AssetImportWorker is now disconnected from the server
Process exiting
Exiting without the bug reporter. Application will terminate with return code 0